<?xml version="1.0" encoding="UTF-8"?>
<testsuite xmlns:xsi="http://www.w3.org/2001/XMLSchema-instance" xsi:noNamespaceSchemaLocation="https://maven.apache.org/surefire/maven-surefire-plugin/xsd/surefire-test-report-3.0.xsd" version="3.0" name="com.docencia.objetos.repo.AlumnoRepositoryJpaAdapterTest" time="3.781" tests="9" errors="0" skipped="0" failures="0">
  <properties>
[...]
</properties>
  <testcase name="saveYFindByIdMapeanRolEntreDominioYEntidadTest" classname="com.docencia.objetos.repo.AlumnoRepositoryJpaAdapterTest" time="0.494">
    <system-out><![CDATA[21:24:42.030 [main] INFO org.springframework.test.context.support.AnnotationConfigContextLoaderUtils -- Could not detect default configuration classes for test class [com.docencia.objetos.repo.AlumnoRepositoryJpaAdapterTest]: AlumnoRepositoryJpaAdapterTest does not declare any static, non-private, non-final, nested classes annotated with @Configuration.
21:24:42.137 [main] INFO org.springframework.boot.test.context.SpringBootTestContextBootstrapper -- Found @SpringBootConfiguration com.docencia.objetos.DemoApplication for test class com.docencia.objetos.repo.AlumnoRepositoryJpaAdapterTest

  .   ____          _            __ _ _
 /\\ / ___'_ __ _ _(_)_ __  __ _ \ \ \ \
( ( )\___ | '_ | '_| | '_ \/ _` | \ \ \ \
 \\/  ___)| |_)| | | | | || (_| |  ) ) ) )
  '  |____| .__|_| |_|_| |_\__, | / / / /
 =========|_|==============|___/=/_/_/_/

 :: Spring Boot ::                (v3.3.4)

2025-11-17T21:24:42.519Z  INFO 18784 --- [           main] c.d.o.r.AlumnoRepositoryJpaAdapterTest   : Starting AlumnoRepositoryJpaAdapterTest using Java 23 with PID 18784 (started by Nico in E:\Nicolas\Documents\Acceso-a-datos\ejercicio-1-evaluacion-aed_GuillermoSH)
2025-11-17T21:24:42.520Z  INFO 18784 --- [           main] c.d.o.r.AlumnoRepositoryJpaAdapterTest   : The following 1 profile is active: "h2"
2025-11-17T21:24:42.774Z  INFO 18784 --- [           main] .s.d.r.c.RepositoryConfigurationDelegate : Bootstrapping Spring Data JPA repositories in DEFAULT mode.
2025-11-17T21:24:42.826Z  INFO 18784 --- [           main] .s.d.r.c.RepositoryConfigurationDelegate : Finished Spring Data repository scanning in 45 ms. Found 2 JPA repository interfaces.
2025-11-17T21:24:42.865Z  INFO 18784 --- [           main] beddedDataSourceBeanFactoryPostProcessor : Replacing 'dataSource' DataSource bean with embedded version
2025-11-17T21:24:43.025Z  INFO 18784 --- [           main] o.s.j.d.e.EmbeddedDatabaseFactory        : Starting embedded database: url='jdbc:h2:mem:388e1237-f856-4879-aef6-47d672b4f8e2;DB_CLOSE_DELAY=-1;DB_CLOSE_ON_EXIT=false', username='sa'
2025-11-17T21:24:43.256Z  INFO 18784 --- [           main] o.hibernate.jpa.internal.util.LogHelper  : HHH000204: Processing PersistenceUnitInfo [name: default]
2025-11-17T21:24:43.315Z  INFO 18784 --- [           main] org.hibernate.Version                    : HHH000412: Hibernate ORM core version 6.5.3.Final
2025-11-17T21:24:43.342Z  INFO 18784 --- [           main] o.h.c.internal.RegionFactoryInitiator    : HHH000026: Second-level cache disabled
2025-11-17T21:24:43.583Z  INFO 18784 --- [           main] o.s.o.j.p.SpringPersistenceUnitInfo      : No LoadTimeWeaver setup: ignoring JPA class transformer
2025-11-17T21:24:44.409Z  INFO 18784 --- [           main] o.h.e.t.j.p.i.JtaPlatformInitiator       : HHH000489: No JTA platform available (set 'hibernate.transaction.jta.platform' to enable JTA platform integration)
Hibernate: drop table if exists alumnos cascade 
Hibernate: drop table if exists roles cascade 
Hibernate: create table alumnos (alumnos bigint, id bigint generated by default as identity, rol_id bigint, ciclo varchar(255), email varchar(255) unique, nombre varchar(255), primary key (id))
Hibernate: create table roles (id bigint generated by default as identity, nombre varchar(255) not null unique, primary key (id))
Hibernate: alter table if exists alumnos add constraint FKpe4fr2daiyooq2l3se4is401n foreign key (rol_id) references roles
Hibernate: alter table if exists alumnos add constraint FKohv1fhbac5nfpaq82sivstae4 foreign key (alumnos) references roles
2025-11-17T21:24:44.444Z  INFO 18784 --- [           main] j.LocalContainerEntityManagerFactoryBean : Initialized JPA EntityManagerFactory for persistence unit 'default'
2025-11-17T21:24:44.748Z  INFO 18784 --- [           main] c.d.o.r.AlumnoRepositoryJpaAdapterTest   : Started AlumnoRepositoryJpaAdapterTest in 2.559 seconds (process running for 3.347)
Hibernate: insert into roles (nombre,id) values (?,default)
Hibernate: insert into alumnos (ciclo,email,nombre,rol_id,id) values (?,?,?,?,default)
]]></system-out>
    <system-err><![CDATA[WARNING: A Java agent has been loaded dynamically (C:\Users\Nicolas\.m2\repository\net\bytebuddy\byte-buddy-agent\1.14.19\byte-buddy-agent-1.14.19.jar)
WARNING: If a serviceability tool is in use, please run with -XX:+EnableDynamicAgentLoading to hide this warning
WARNING: If a serviceability tool is not in use, please run with -Djdk.instrument.traceUsage for more information
WARNING: Dynamic loading of agents will be disallowed by default in a future release
]]></system-err>
  </testcase>
  <testcase name="existenteDevuelveAlumnoTest" classname="com.docencia.objetos.repo.AlumnoRepositoryJpaAdapterTest" time="0.006">
    <system-out><![CDATA[Hibernate: insert into alumnos (ciclo,email,nombre,rol_id,id) values (?,?,?,?,default)
]]></system-out>
  </testcase>
  <testcase name="creaAlumnoConIdGeneradoTest" classname="com.docencia.objetos.repo.AlumnoRepositoryJpaAdapterTest" time="0.003">
    <system-out><![CDATA[Hibernate: insert into alumnos (ciclo,email,nombre,rol_id,id) values (?,?,?,?,default)
]]></system-out>
  </testcase>
  <testcase name="devuelveListaAlumnosTest" classname="com.docencia.objetos.repo.AlumnoRepositoryJpaAdapterTest" time="0.075">
    <system-out><![CDATA[Hibernate: insert into alumnos (ciclo,email,nombre,rol_id,id) values (?,?,?,?,default)
Hibernate: insert into alumnos (ciclo,email,nombre,rol_id,id) values (?,?,?,?,default)
Hibernate: select ae1_0.id,ae1_0.ciclo,ae1_0.email,ae1_0.nombre,ae1_0.rol_id from alumnos ae1_0
]]></system-out>
  </testcase>
  <testcase name="deleteByIdAlumnoTest" classname="com.docencia.objetos.repo.AlumnoRepositoryJpaAdapterTest" time="0.007">
    <system-out><![CDATA[Hibernate: insert into alumnos (ciclo,email,nombre,rol_id,id) values (?,?,?,?,default)
]]></system-out>
  </testcase>
  <testcase name="countDevuelveNumeroDeAlumnosTest" classname="com.docencia.objetos.repo.AlumnoRepositoryJpaAdapterTest" time="0.267">
    <system-out><![CDATA[Hibernate: insert into alumnos (ciclo,email,nombre,rol_id,id) values (?,?,?,?,default)
Hibernate: insert into alumnos (ciclo,email,nombre,rol_id,id) values (?,?,?,?,default)
Hibernate: insert into alumnos (ciclo,email,nombre,rol_id,id) values (?,?,?,?,default)
Hibernate: select count(*) from alumnos ae1_0
]]></system-out>
  </testcase>
  <testcase name="existsByEmailFuncionaCorrectamenteTest" classname="com.docencia.objetos.repo.AlumnoRepositoryJpaAdapterTest" time="0.022">
    <system-out><![CDATA[Hibernate: insert into alumnos (ciclo,email,nombre,rol_id,id) values (?,?,?,?,default)
Hibernate: select ae1_0.id from alumnos ae1_0 where ae1_0.email=? fetch first ? rows only
Hibernate: select ae1_0.id from alumnos ae1_0 where ae1_0.email=? fetch first ? rows only
]]></system-out>
  </testcase>
  <testcase name="saveEmailDuplicadoLanzaExcepcionTest" classname="com.docencia.objetos.repo.AlumnoRepositoryJpaAdapterTest" time="0.011">
    <system-out><![CDATA[Hibernate: insert into alumnos (ciclo,email,nombre,rol_id,id) values (?,?,?,?,default)
Hibernate: insert into alumnos (ciclo,email,nombre,rol_id,id) values (?,?,?,?,default)
2025-11-17T21:24:45.647Z  WARN 18784 --- [           main] o.h.engine.jdbc.spi.SqlExceptionHelper   : SQL Error: 23505, SQLState: 23505
2025-11-17T21:24:45.647Z ERROR 18784 --- [           main] o.h.engine.jdbc.spi.SqlExceptionHelper   : Violación de indice de Unicidad ó Clave primaria: "PUBLIC.CONSTRAINT_INDEX_F ON PUBLIC.ALUMNOS(EMAIL NULLS FIRST) VALUES ( /* 11 */ 'dup@example.com' )"
Unique index or primary key violation: "PUBLIC.CONSTRAINT_INDEX_F ON PUBLIC.ALUMNOS(EMAIL NULLS FIRST) VALUES ( /* 11 */ 'dup@example.com' )"; SQL statement:
insert into alumnos (ciclo,email,nombre,rol_id,id) values (?,?,?,?,default) [23505-224]
]]></system-out>
  </testcase>
  <testcase name="noExistenteDevuelveEmptyTest" classname="com.docencia.objetos.repo.AlumnoRepositoryJpaAdapterTest" time="0.006">
    <system-out><![CDATA[Hibernate: select ae1_0.id,ae1_0.ciclo,ae1_0.email,ae1_0.nombre,r1_0.id,r1_0.nombre from alumnos ae1_0 left join roles r1_0 on r1_0.id=ae1_0.rol_id where ae1_0.id=?
]]></system-out>
  </testcase>
</testsuite>