<?xml version="1.0" encoding="UTF-8"?>
<testsuite xmlns:xsi="http://www.w3.org/2001/XMLSchema-instance" xsi:noNamespaceSchemaLocation="https://maven.apache.org/surefire/maven-surefire-plugin/xsd/surefire-test-report-3.0.xsd" version="3.0" name="com.docencia.objetos.repo.RolJsonFileRepositoryTest" time="0.259" tests="7" errors="0" skipped="0" failures="2">
  <properties>
[...]
</properties>
  <testcase name="findByIdExistenteDevuelveRolTest" classname="com.docencia.objetos.repo.RolJsonFileRepositoryTest" time="0.182">
    <failure message="&#10;Expecting Optional to contain a value but it was empty." type="java.lang.AssertionError"><![CDATA[java.lang.AssertionError: 

Expecting Optional to contain a value but it was empty.
	at com.docencia.objetos.repo.RolJsonFileRepositoryTest.findByIdExistenteDevuelveRolTest(RolJsonFileRepositoryTest.java:90)
	at java.base/java.lang.reflect.Method.invoke(Method.java:580)
	at java.base/java.util.ArrayList.forEach(ArrayList.java:1597)
	at java.base/java.util.ArrayList.forEach(ArrayList.java:1597)
]]></failure>
  </testcase>
  <testcase name="findAllDevuelveRolesDesdeFicheroTest" classname="com.docencia.objetos.repo.RolJsonFileRepositoryTest" time="0.019"/>
  <testcase name="deleteByIdEliminaRolDelFicheroTest" classname="com.docencia.objetos.repo.RolJsonFileRepositoryTest" time="0.008">
    <failure message="&#10;Expecting Optional to contain a value but it was empty." type="java.lang.AssertionError"><![CDATA[java.lang.AssertionError: 

Expecting Optional to contain a value but it was empty.
	at com.docencia.objetos.repo.RolJsonFileRepositoryTest.deleteByIdEliminaRolDelFicheroTest(RolJsonFileRepositoryTest.java:112)
	at java.base/java.lang.reflect.Method.invoke(Method.java:580)
	at java.base/java.util.ArrayList.forEach(ArrayList.java:1597)
	at java.base/java.util.ArrayList.forEach(ArrayList.java:1597)
]]></failure>
  </testcase>
  <testcase name="countDevuelveNumeroDeRolesTest" classname="com.docencia.objetos.repo.RolJsonFileRepositoryTest" time="0.018"/>
  <testcase name="saveNuevoGeneraIdYSeVuelcaEnFicheroTest" classname="com.docencia.objetos.repo.RolJsonFileRepositoryTest" time="0.008"/>
  <testcase name="findByIdNoExistenteDevuelveEmptyTest" classname="com.docencia.objetos.repo.RolJsonFileRepositoryTest" time="0.007"/>
  <testcase name="findByNombreExistenteDevuelveRolTest" classname="com.docencia.objetos.repo.RolJsonFileRepositoryTest" time="0.013"/>
</testsuite>