<?xml version="1.0" encoding="UTF-8"?>
<testsuite xmlns:xsi="http://www.w3.org/2001/XMLSchema-instance" xsi:noNamespaceSchemaLocation="https://maven.apache.org/surefire/maven-surefire-plugin/xsd/surefire-test-report-3.0.xsd" version="3.0" name="com.docencia.hotel.repo.NoteJpaRepositoryTest" time="5.25" tests="4" errors="0" skipped="0" failures="0">
  <properties>
[...]
</properties>
  <testcase name="updateContentTest" classname="com.docencia.hotel.repo.NoteJpaRepositoryTest" time="0.509">
    <system-out><![CDATA[12:23:21.507 [main] INFO org.springframework.test.context.support.AnnotationConfigContextLoaderUtils -- Could not detect default configuration classes for test class [com.docencia.hotel.repo.NoteJpaRepositoryTest]: NoteJpaRepositoryTest does not declare any static, non-private, non-final, nested classes annotated with @Configuration.
12:23:21.678 [main] INFO org.springframework.boot.test.context.SpringBootTestContextBootstrapper -- Found @SpringBootConfiguration com.docencia.hotel.Application for test class com.docencia.hotel.repo.NoteJpaRepositoryTest

  .   ____          _            __ _ _
 /\\ / ___'_ __ _ _(_)_ __  __ _ \ \ \ \
( ( )\___ | '_ | '_| | '_ \/ _` | \ \ \ \
 \\/  ___)| |_)| | | | | || (_| |  ) ) ) )
  '  |____| .__|_| |_|_| |_\__, | / / / /
 =========|_|==============|___/=/_/_/_/
 :: Spring Boot ::                (v3.2.5)

2025-11-06T12:23:22.371Z  INFO 13372 --- [           main] c.d.hotel.repo.NoteJpaRepositoryTest     : Starting NoteJpaRepositoryTest using Java 23 with PID 13372 (started by Nico in E:\Nicolas\Documents\Acceso-a-datos\hotel-puerto)
2025-11-06T12:23:22.374Z  INFO 13372 --- [           main] c.d.hotel.repo.NoteJpaRepositoryTest     : The following 1 profile is active: "test"
2025-11-06T12:23:22.825Z  INFO 13372 --- [           main] .s.d.r.c.RepositoryConfigurationDelegate : Bootstrapping Spring Data JPA repositories in DEFAULT mode.
2025-11-06T12:23:22.889Z  INFO 13372 --- [           main] .s.d.r.c.RepositoryConfigurationDelegate : Finished Spring Data repository scanning in 55 ms. Found 1 JPA repository interface.
2025-11-06T12:23:23.283Z  INFO 13372 --- [           main] o.hibernate.jpa.internal.util.LogHelper  : HHH000204: Processing PersistenceUnitInfo [name: default]
2025-11-06T12:23:23.358Z  INFO 13372 --- [           main] org.hibernate.Version                    : HHH000412: Hibernate ORM core version 6.4.4.Final
2025-11-06T12:23:23.402Z  INFO 13372 --- [           main] o.h.c.internal.RegionFactoryInitiator    : HHH000026: Second-level cache disabled
2025-11-06T12:23:23.748Z  INFO 13372 --- [           main] o.s.o.j.p.SpringPersistenceUnitInfo      : No LoadTimeWeaver setup: ignoring JPA class transformer
2025-11-06T12:23:23.784Z  INFO 13372 --- [           main] com.zaxxer.hikari.HikariDataSource       : HikariPool-1 - Starting...
2025-11-06T12:23:23.879Z  INFO 13372 --- [           main] com.zaxxer.hikari.pool.HikariPool        : HikariPool-1 - Added connection org.sqlite.jdbc4.JDBC4Connection@5beda06e
2025-11-06T12:23:23.882Z  INFO 13372 --- [           main] com.zaxxer.hikari.HikariDataSource       : HikariPool-1 - Start completed.
2025-11-06T12:23:25.105Z  INFO 13372 --- [           main] o.h.e.t.j.p.i.JtaPlatformInitiator       : HHH000489: No JTA platform available (set 'hibernate.transaction.jta.platform' to enable JTA platform integration)
2025-11-06T12:23:25.107Z  INFO 13372 --- [           main] j.LocalContainerEntityManagerFactoryBean : Initialized JPA EntityManagerFactory for persistence unit 'default'
2025-11-06T12:23:25.553Z  INFO 13372 --- [           main] c.d.hotel.repo.NoteJpaRepositoryTest     : Started NoteJpaRepositoryTest in 3.629 seconds (process running for 5.213)
Hibernate: 
    select
        n1_0.id,
        n1_0.content,
        n1_0.title 
    from
        notes n1_0 
    where
        n1_0.id=?
]]></system-out>
    <system-err><![CDATA[WARNING: A Java agent has been loaded dynamically (C:\Users\Nicolas\.m2\repository\net\bytebuddy\byte-buddy-agent\1.14.13\byte-buddy-agent-1.14.13.jar)
WARNING: If a serviceability tool is in use, please run with -XX:+EnableDynamicAgentLoading to hide this warning
WARNING: If a serviceability tool is not in use, please run with -Djdk.instrument.traceUsage for more information
WARNING: Dynamic loading of agents will be disallowed by default in a future release
]]></system-err>
  </testcase>
  <testcase name="deleteNoteTest" classname="com.docencia.hotel.repo.NoteJpaRepositoryTest" time="0.391">
    <system-out><![CDATA[Hibernate: 
    select
        n1_0.id,
        n1_0.content,
        n1_0.title 
    from
        notes n1_0 
    where
        n1_0.id=?
Hibernate: 
    insert 
    into
        notes
        (content, title, id) 
    values
        (?, ?, ?)
Hibernate: 
    select
        count(*) 
    from
        notes n1_0 
    where
        n1_0.id=?
Hibernate: 
    delete 
    from
        notes 
    where
        id=?
Hibernate: 
    select
        count(*) 
    from
        notes n1_0 
    where
        n1_0.id=?
Hibernate: 
    select
        n1_0.id,
        n1_0.content,
        n1_0.title 
    from
        notes n1_0 
    where
        n1_0.id=?
]]></system-out>
  </testcase>
  <testcase name="createReadFindByTitleTest" classname="com.docencia.hotel.repo.NoteJpaRepositoryTest" time="0.026">
    <system-out><![CDATA[Hibernate: 
    select
        n1_0.id,
        n1_0.content,
        n1_0.title 
    from
        notes n1_0 
    where
        n1_0.id=?
Hibernate: 
    insert 
    into
        notes
        (content, title, id) 
    values
        (?, ?, ?)
Hibernate: 
    select
        n1_0.id,
        n1_0.content,
        n1_0.title 
    from
        notes n1_0 
    where
        n1_0.title=? 
    limit
        ?
]]></system-out>
  </testcase>
  <testcase name="findByIdTest" classname="com.docencia.hotel.repo.NoteJpaRepositoryTest" time="0.004">
    <system-out><![CDATA[Hibernate: 
    select
        n1_0.id,
        n1_0.content,
        n1_0.title 
    from
        notes n1_0 
    where
        n1_0.id=?
Hibernate: 
    insert 
    into
        notes
        (content, title, id) 
    values
        (?, ?, ?)
Hibernate: 
    select
        count(*) 
    from
        notes n1_0 
    where
        n1_0.id=?
]]></system-out>
  </testcase>
</testsuite>