<?xml version="1.0" encoding="UTF-8"?>
<testsuite xmlns:xsi="http://www.w3.org/2001/XMLSchema-instance" xsi:noNamespaceSchemaLocation="https://maven.apache.org/surefire/maven-surefire-plugin/xsd/surefire-test-report-3.0.xsd" version="3.0" name="com.docencia.hotel.domain.model.RoomModelTest" time="0.006" tests="7" errors="0" skipped="0" failures="0">
  <properties>
[...]
</properties>
  <testcase name="verificarNotEqualsTest" classname="com.docencia.hotel.domain.model.RoomModelTest" time="0.0"/>
  <testcase name="verificarGettersTest" classname="com.docencia.hotel.domain.model.RoomModelTest" time="0.001"/>
  <testcase name="modificarroomTest" classname="com.docencia.hotel.domain.model.RoomModelTest" time="0.001"/>
  <testcase name="verificarEqualsTest" classname="com.docencia.hotel.domain.model.RoomModelTest" time="0.0"/>
  <testcase name="verificarHasCodeTest" classname="com.docencia.hotel.domain.model.RoomModelTest" time="0.0"/>
  <testcase name="verificarEqualsObjectTest" classname="com.docencia.hotel.domain.model.RoomModelTest" time="0.0"/>
  <testcase name="verificarEqualsNoObjectsTest" classname="com.docencia.hotel.domain.model.RoomModelTest" time="0.001"/>
</testsuite>