GROUP,PACKAGE,CLASS,INSTRUCTION_MISSED,INSTRUCTION_COVERED,BRANCH_MISSED,BRANCH_COVERED,LINE_MISSED,LINE_COVERED,COMPLEXITY_MISSED,COMPLEXITY_COVERED,METHOD_MISSED,METHOD_COVERED
docencia-notes,com.docencia.hotel.repo.jpa,NoteJpaRepository,6,56,2,4,2,12,3,7,1,6
docencia-notes,com.docencia.hotel,Application,5,3,0,0,2,1,1,1,1,1
docencia-notes,com.docencia.hotel.domain.model,Guest,0,80,0,4,0,30,0,15,0,13
docencia-notes,com.docencia.hotel.domain.model,Hotel,0,85,0,4,0,27,0,13,0,11
docencia-notes,com.docencia.hotel.domain.model,Room,0,80,0,4,0,30,0,15,0,13
docencia-notes,com.docencia.hotel.domain.model,Booking,3,0,0,0,1,0,1,0,1,0
docencia-notes,com.docencia.hotel.domain.model,Note,12,24,0,0,5,10,1,7,1,7
